<?xml version="1.0" encoding="UTF-8"?>
<testng-results skipped="0" failed="0" ignored="0" total="1" passed="1">
  <reporter-output>
  </reporter-output>
  <suite name="Default suite" duration-ms="29768" started-at="2018-06-18T07:05:45Z" finished-at="2018-06-18T07:06:15Z">
    <groups>
    </groups>
    <test name="Default test" duration-ms="29768" started-at="2018-06-18T07:05:45Z" finished-at="2018-06-18T07:06:15Z">
      <class name="autoit.autoi">
        <test-method status="PASS" signature="auto()[pri:0, instance:autoit.autoi@11758f2a]" name="auto" duration-ms="29737" started-at="2018-06-18T12:35:45Z" finished-at="2018-06-18T12:36:15Z">
          <reporter-output>
          </reporter-output>
        </test-method> <!-- auto -->
      </class> <!-- autoit.autoi -->
    </test> <!-- Default test -->
  </suite> <!-- Default suite -->
</testng-results>
