<?xml version="1.0" encoding="UTF-8"?>
<!-- Generated by org.testng.reporters.JUnitXMLReporter -->
<testsuite hostname="LAPTOP-GTMO8ORQ" ignored="0" name="Firefox Test" tests="2" failures="2" timestamp="14 Mar 2018 10:55:56 GMT" time="5.676" errors="0">
  <testcase name="@AfterTest closeBrowser" time="0.0" classname="Webelements.paralleltesting">
    <failure type="java.lang.NullPointerException">
      <![CDATA[java.lang.NullPointerExceptionat Webelements.paralleltesting.closeBrowser(paralleltesting.java:60)... Removed 24 stack frames]]>
    </failure>
  </testcase> <!-- @AfterTest closeBrowser -->
  <testcase name="login_TestCase" time="0.007" classname="Webelements.paralleltesting">
    <failure type="java.lang.NullPointerException">
      <![CDATA[java.lang.NullPointerExceptionat Webelements.paralleltesting.login_TestCase(paralleltesting.java:48)... Removed 25 stack frames]]>
    </failure>
  </testcase> <!-- login_TestCase -->
  <testcase name="search_TestCase" time="0.003" classname="Webelements.paralleltesting">
    <failure type="java.lang.NullPointerException">
      <![CDATA[java.lang.NullPointerExceptionat Webelements.paralleltesting.search_TestCase(paralleltesting.java:54)... Removed 25 stack frames]]>
    </failure>
  </testcase> <!-- search_TestCase -->
</testsuite> <!-- Firefox Test -->
